<?xml version="1.0" encoding="UTF-8"?>
<!-- Generated by org.testng.reporters.JUnitReportReporter -->
<testsuite hostname="DESKTOP-DHSQEQD" failures="0" tests="1" name="Academy.ValidateNavigationbar" time="1.972" errors="0" timestamp="2022-06-20T15:09:23 IST" skipped="0">
  <testcase classname="Academy.ValidateNavigationbar" name="BasepageNavigation" time="1.972"/>
  <system-out/>
</testsuite> <!-- Academy.ValidateNavigationbar -->
