<?xml version="1.0" encoding="UTF-8"?>
<!-- Generated by org.testng.reporters.JUnitReportReporter -->
<testsuite hostname="DESKTOP-DHSQEQD" failures="0" tests="2" name="Academy.HomePage" time="4.902" errors="0" timestamp="2022-06-21T16:14:20 IST" skipped="0">
  <testcase classname="Academy.HomePage" name="basepageNavigation" time="2.254"/>
  <system-out/>
  <testcase classname="Academy.HomePage" name="basepageNavigation" time="2.648"/>
  <system-out/>
</testsuite> <!-- Academy.HomePage -->
