<?xml version="1.0" encoding="UTF-8"?>
<!-- Generated by org.testng.reporters.JUnitReportReporter -->
<testsuite skipped="0" hostname="DESKTOP-DHSQEQD" name="Academy.ValidateNavigationbar" tests="1" failures="0" timestamp="2022-06-22T10:47:57 IST" time="0.838" errors="0">
  <testcase name="BasepageNavigation" time="0.838" classname="Academy.ValidateNavigationbar"/>
  <system-out/>
</testsuite> <!-- Academy.ValidateNavigationbar -->
