<?xml version="1.0" encoding="UTF-8"?>
<!-- Generated by org.testng.reporters.JUnitReportReporter -->
<testsuite skipped="0" hostname="DESKTOP-DHSQEQD" name="Academy.HomePage" tests="2" failures="0" timestamp="2022-06-22T10:47:57 IST" time="5.052" errors="0">
  <testcase name="basepageNavigation" time="3.082" classname="Academy.HomePage"/>
  <system-out/>
  <testcase name="basepageNavigation" time="1.970" classname="Academy.HomePage"/>
  <system-out/>
</testsuite> <!-- Academy.HomePage -->
